<?xml version="1.0" encoding="UTF-8"?>
<!-- Generated by org.testng.reporters.JUnitReportReporter -->
<testsuite skipped="0" hostname="BHAGYESH-VAIO" name="org.xyz_PracticeTest.Practice" tests="1" failures="0" timestamp="2022-09-16T18:38:26 IST" time="0.331" errors="0">
  <testcase name="Iphone" time="0.331" classname="org.xyz_PracticeTest.Practice"/>
  <system-out/>
</testsuite> <!-- org.xyz_PracticeTest.Practice -->
