<?xml version="1.0" encoding="UTF-8"?>
<!-- Generated by org.testng.reporters.JUnitReportReporter -->
<testsuite skipped="0" hostname="BHAGYESH-VAIO" name="org.TestCases.LoginPageTest" tests="3" failures="0" timestamp="2022-09-02T15:12:48 IST" time="40.038" errors="0">
  <testcase name="Login" time="11.580" classname="org.TestCases.LoginPageTest"/>
  <system-out/>
  <testcase name="Login" time="13.441" classname="org.TestCases.LoginPageTest"/>
  <system-out/>
  <testcase name="Login" time="15.017" classname="org.TestCases.LoginPageTest"/>
  <system-out/>
</testsuite> <!-- org.TestCases.LoginPageTest -->
